<?xml version="1.0" encoding="UTF-8"?>
<testsuite name="org.example.solarsystem.SolarSystemAppTest" tests="1" skipped="0" failures="0" errors="0" timestamp="2025-05-01T18:56:00" hostname="ACHILLES" time="0.058">
  <properties/>
  <testcase name="altSearch()" classname="org.example.solarsystem.SolarSystemAppTest" time="0.058"/>
  <system-out><![CDATA[]]></system-out>
  <system-err><![CDATA[]]></system-err>
</testsuite>
